Determining if the pthread_create exist failed with the following output:
Change Dir: /home/ajwahir/grmc/catkin_ws_black/build/CMakeFiles/CMakeTmp

Run Build Command:"/usr/bin/make" "cmTC_70ae3/fast"
/usr/bin/make -f CMakeFiles/cmTC_70ae3.dir/build.make CMakeFiles/cmTC_70ae3.dir/build
make[1]: Entering directory '/home/ajwahir/grmc/catkin_ws_black/build/CMakeFiles/CMakeTmp'
Building C object CMakeFiles/cmTC_70ae3.dir/CheckSymbolExists.c.o
/usr/bin/cc    -o CMakeFiles/cmTC_70ae3.dir/CheckSymbolExists.c.o   -c /home/ajwahir/grmc/catkin_ws_black/build/CMakeFiles/CMakeTmp/CheckSymbolExists.c
Linking C executable cmTC_70ae3
/usr/local/bin/cmake -E cmake_link_script CMakeFiles/cmTC_70ae3.dir/link.txt --verbose=1
/usr/bin/cc      -rdynamic CMakeFiles/cmTC_70ae3.dir/CheckSymbolExists.c.o  -o cmTC_70ae3 
CMakeFiles/cmTC_70ae3.dir/CheckSymbolExists.c.o: In function `main':
CheckSymbolExists.c:(.text+0x16): undefined reference to `pthread_create'
collect2: error: ld returned 1 exit status
CMakeFiles/cmTC_70ae3.dir/build.make:86: recipe for target 'cmTC_70ae3' failed
make[1]: *** [cmTC_70ae3] Error 1
make[1]: Leaving directory '/home/ajwahir/grmc/catkin_ws_black/build/CMakeFiles/CMakeTmp'
Makefile:126: recipe for target 'cmTC_70ae3/fast' failed
make: *** [cmTC_70ae3/fast] Error 2

File /home/ajwahir/grmc/catkin_ws_black/build/CMakeFiles/CMakeTmp/CheckSymbolExists.c:
/* */
#include <pthread.h>

int main(int argc, char** argv)
{
  (void)argv;
#ifndef pthread_create
  return ((int*)(&pthread_create))[argc];
#else
  (void)argc;
  return 0;
#endif
}

Determining if the function pthread_create exists in the pthreads failed with the following output:
Change Dir: /home/ajwahir/grmc/catkin_ws_black/build/CMakeFiles/CMakeTmp

Run Build Command:"/usr/bin/make" "cmTC_c3d46/fast"
/usr/bin/make -f CMakeFiles/cmTC_c3d46.dir/build.make CMakeFiles/cmTC_c3d46.dir/build
make[1]: Entering directory '/home/ajwahir/grmc/catkin_ws_black/build/CMakeFiles/CMakeTmp'
Building C object CMakeFiles/cmTC_c3d46.dir/CheckFunctionExists.c.o
/usr/bin/cc   -DCHECK_FUNCTION_EXISTS=pthread_create   -o CMakeFiles/cmTC_c3d46.dir/CheckFunctionExists.c.o   -c /usr/local/share/cmake-3.11/Modules/CheckFunctionExists.c
Linking C executable cmTC_c3d46
/usr/local/bin/cmake -E cmake_link_script CMakeFiles/cmTC_c3d46.dir/link.txt --verbose=1
/usr/bin/cc  -DCHECK_FUNCTION_EXISTS=pthread_create    -rdynamic CMakeFiles/cmTC_c3d46.dir/CheckFunctionExists.c.o  -o cmTC_c3d46 -lpthreads 
/usr/bin/ld: cannot find -lpthreads
collect2: error: ld returned 1 exit status
CMakeFiles/cmTC_c3d46.dir/build.make:86: recipe for target 'cmTC_c3d46' failed
make[1]: *** [cmTC_c3d46] Error 1
make[1]: Leaving directory '/home/ajwahir/grmc/catkin_ws_black/build/CMakeFiles/CMakeTmp'
Makefile:126: recipe for target 'cmTC_c3d46/fast' failed
make: *** [cmTC_c3d46/fast] Error 2


